[Tue May 14 09:22:59.723199 2024] [php:warn] [pid 34212:tid 1944] [client ::1:51346] PHP Warning:  Array to string conversion in C:\\web\\andrew\\access_manager.php on line 54, referer: http://andrew.loc/recipe
[Tue May 14 12:27:47.673864 2024] [core:error] [pid 30904:tid 1896] (20023)The given path was above the root path: [client ::1:58154] AH00127: Cannot map GET /C:/web/andrew/access_manager.php HTTP/1.1 to file
[Tue May 14 12:27:49.772235 2024] [core:error] [pid 30904:tid 1896] (20023)The given path was above the root path: [client ::1:58154] AH00127: Cannot map GET /C:/web/andrew/access_manager.php HTTP/1.1 to file
[Tue May 14 12:27:56.486447 2024] [core:error] [pid 30904:tid 1892] (20023)The given path was above the root path: [client ::1:58157] AH00127: Cannot map GET /C:/web/andrew/access_manager.php HTTP/1.1 to file
[Tue May 14 12:47:55.707806 2024] [core:error] [pid 23840:tid 1908] (20023)The given path was above the root path: [client ::1:51072] AH00127: Cannot map GET /C:/web/andrew/access_manager.php HTTP/1.1 to file
[Wed May 22 17:17:48.818056 2024] [php:warn] [pid 13152:tid 1892] [client ::1:57380] PHP Warning:  foreach() argument must be of type array|object, null given in C:\\web\\andrew\\public\\recipes.php on line 57
[Wed May 22 17:21:27.811615 2024] [php:warn] [pid 13152:tid 1880] [client ::1:57506] PHP Warning:  foreach() argument must be of type array|object, null given in C:\\web\\andrew\\public\\recipes.php on line 57
[Wed May 22 17:21:32.364125 2024] [php:warn] [pid 13152:tid 1896] [client ::1:57512] PHP Warning:  foreach() argument must be of type array|object, null given in C:\\web\\andrew\\public\\recipes.php on line 57
[Wed May 22 17:25:35.111919 2024] [php:warn] [pid 13152:tid 1900] [client ::1:57637] PHP Warning:  foreach() argument must be of type array|object, null given in C:\\web\\andrew\\public\\recipes.php on line 57
[Wed May 22 17:25:57.244605 2024] [php:warn] [pid 13152:tid 1892] [client ::1:57660] PHP Warning:  foreach() argument must be of type array|object, null given in C:\\web\\andrew\\public\\recipes.php on line 57
[Wed May 22 17:26:03.528236 2024] [php:warn] [pid 13152:tid 1880] [client ::1:57670] PHP Warning:  foreach() argument must be of type array|object, null given in C:\\web\\andrew\\public\\recipes.php on line 57
[Wed May 22 17:26:43.778475 2024] [php:warn] [pid 13152:tid 1900] [client ::1:57695] PHP Warning:  foreach() argument must be of type array|object, null given in C:\\web\\andrew\\public\\recipes.php on line 57
[Wed May 22 17:26:58.315436 2024] [php:warn] [pid 13152:tid 1884] [client ::1:57710] PHP Warning:  foreach() argument must be of type array|object, null given in C:\\web\\andrew\\public\\recipes.php on line 57
[Wed May 22 17:27:03.069318 2024] [php:warn] [pid 13152:tid 1900] [client ::1:57716] PHP Warning:  foreach() argument must be of type array|object, null given in C:\\web\\andrew\\public\\recipes.php on line 57
[Wed May 22 17:43:39.345756 2024] [php:warn] [pid 13152:tid 1884] [client ::1:58020] PHP Warning:  Undefined variable $recipe in C:\\web\\andrew\\public\\admin.php on line 4
[Wed May 22 17:43:39.345756 2024] [php:warn] [pid 13152:tid 1884] [client ::1:58020] PHP Warning:  Trying to access array offset on value of type null in C:\\web\\andrew\\public\\admin.php on line 4
[Wed May 22 17:43:39.345756 2024] [php:warn] [pid 13152:tid 1884] [client ::1:58020] PHP Warning:  Undefined variable $recipe in C:\\web\\andrew\\public\\admin.php on line 7
[Wed May 22 17:43:39.345756 2024] [php:warn] [pid 13152:tid 1884] [client ::1:58020] PHP Warning:  Trying to access array offset on value of type null in C:\\web\\andrew\\public\\admin.php on line 7
[Wed May 22 17:43:39.345756 2024] [php:warn] [pid 13152:tid 1884] [client ::1:58020] PHP Warning:  Undefined variable $recipe in C:\\web\\andrew\\public\\admin.php on line 10
[Wed May 22 17:43:39.345756 2024] [php:warn] [pid 13152:tid 1884] [client ::1:58020] PHP Warning:  Trying to access array offset on value of type null in C:\\web\\andrew\\public\\admin.php on line 10
[Wed May 22 17:43:39.345756 2024] [php:warn] [pid 13152:tid 1884] [client ::1:58020] PHP Warning:  Undefined variable $recipe in C:\\web\\andrew\\public\\admin.php on line 14
[Wed May 22 17:43:39.345756 2024] [php:warn] [pid 13152:tid 1884] [client ::1:58020] PHP Warning:  Trying to access array offset on value of type null in C:\\web\\andrew\\public\\admin.php on line 14
[Wed May 22 17:43:39.345756 2024] [php:warn] [pid 13152:tid 1884] [client ::1:58020] PHP Warning:  Undefined variable $recipe in C:\\web\\andrew\\public\\admin.php on line 18
[Wed May 22 17:43:39.345756 2024] [php:warn] [pid 13152:tid 1884] [client ::1:58020] PHP Warning:  Trying to access array offset on value of type null in C:\\web\\andrew\\public\\admin.php on line 18
[Wed May 22 17:43:39.346755 2024] [php:warn] [pid 13152:tid 1884] [client ::1:58020] PHP Warning:  Undefined variable $recipe in C:\\web\\andrew\\public\\admin.php on line 22
[Wed May 22 17:43:39.346755 2024] [php:warn] [pid 13152:tid 1884] [client ::1:58020] PHP Warning:  Trying to access array offset on value of type null in C:\\web\\andrew\\public\\admin.php on line 22
[Wed May 22 17:43:39.346755 2024] [php:warn] [pid 13152:tid 1884] [client ::1:58020] PHP Warning:  Undefined variable $recipe in C:\\web\\andrew\\public\\admin.php on line 25
[Wed May 22 17:43:39.346755 2024] [php:warn] [pid 13152:tid 1884] [client ::1:58020] PHP Warning:  Trying to access array offset on value of type null in C:\\web\\andrew\\public\\admin.php on line 25
[Wed May 22 17:43:39.346755 2024] [php:warn] [pid 13152:tid 1884] [client ::1:58020] PHP Warning:  foreach() argument must be of type array|object, null given in C:\\web\\andrew\\public\\admin.php on line 25
[Wed May 22 17:43:39.346755 2024] [php:warn] [pid 13152:tid 1884] [client ::1:58020] PHP Warning:  Undefined variable $recipe in C:\\web\\andrew\\public\\admin.php on line 33
[Wed May 22 17:43:39.346755 2024] [php:warn] [pid 13152:tid 1884] [client ::1:58020] PHP Warning:  Trying to access array offset on value of type null in C:\\web\\andrew\\public\\admin.php on line 33
[Wed May 22 17:43:39.346755 2024] [php:warn] [pid 13152:tid 1884] [client ::1:58020] PHP Warning:  foreach() argument must be of type array|object, null given in C:\\web\\andrew\\public\\admin.php on line 33
[Wed May 22 17:43:39.346755 2024] [php:warn] [pid 13152:tid 1884] [client ::1:58020] PHP Warning:  Undefined variable $recipe in C:\\web\\andrew\\public\\admin.php on line 44
[Wed May 22 17:43:39.346755 2024] [php:warn] [pid 13152:tid 1884] [client ::1:58020] PHP Warning:  Trying to access array offset on value of type null in C:\\web\\andrew\\public\\admin.php on line 44
[Wed May 22 22:11:15.071308 2024] [php:error] [pid 13152:tid 1884] [client ::1:60604] PHP Fatal error:  Uncaught TypeError: json_decode(): Argument #1 ($json) must be of type string, array given in C:\\web\\andrew\\private\\Controllers\\RecipeController.php:43\nStack trace:\n#0 C:\\web\\andrew\\private\\Controllers\\RecipeController.php(43): json_decode(Array)\n#1 C:\\web\\andrew\\private\\Controllers\\APIController.php(31): RecipeController->do_post()\n#2 C:\\web\\andrew\\access_manager.php(58): APIController->serve()\n#3 {main}\n  thrown in C:\\web\\andrew\\private\\Controllers\\RecipeController.php on line 43, referer: http://andrew.loc/admin?id=2
[Wed May 22 22:11:29.923597 2024] [php:error] [pid 13152:tid 1876] [client ::1:60623] PHP Fatal error:  Uncaught TypeError: json_decode(): Argument #1 ($json) must be of type string, array given in C:\\web\\andrew\\private\\Controllers\\RecipeController.php:43\nStack trace:\n#0 C:\\web\\andrew\\private\\Controllers\\RecipeController.php(43): json_decode(Array)\n#1 C:\\web\\andrew\\private\\Controllers\\APIController.php(31): RecipeController->do_post()\n#2 C:\\web\\andrew\\access_manager.php(58): APIController->serve()\n#3 {main}\n  thrown in C:\\web\\andrew\\private\\Controllers\\RecipeController.php on line 43, referer: http://andrew.loc/admin?id=2
[Wed May 22 22:11:56.679445 2024] [php:error] [pid 13152:tid 1880] [client ::1:60645] PHP Fatal error:  Uncaught TypeError: json_decode(): Argument #1 ($json) must be of type string, array given in C:\\web\\andrew\\private\\Controllers\\RecipeController.php:43\nStack trace:\n#0 C:\\web\\andrew\\private\\Controllers\\RecipeController.php(43): json_decode(Array)\n#1 C:\\web\\andrew\\private\\Controllers\\APIController.php(31): RecipeController->do_post()\n#2 C:\\web\\andrew\\access_manager.php(58): APIController->serve()\n#3 {main}\n  thrown in C:\\web\\andrew\\private\\Controllers\\RecipeController.php on line 43, referer: http://andrew.loc/admin?id=2
[Wed May 22 22:12:28.556734 2024] [php:error] [pid 13152:tid 1860] [client ::1:51037] PHP Fatal error:  Uncaught TypeError: json_decode(): Argument #1 ($json) must be of type string, array given in C:\\web\\andrew\\private\\Controllers\\RecipeController.php:44\nStack trace:\n#0 C:\\web\\andrew\\private\\Controllers\\RecipeController.php(44): json_decode(Array)\n#1 C:\\web\\andrew\\private\\Controllers\\APIController.php(31): RecipeController->do_post()\n#2 C:\\web\\andrew\\access_manager.php(58): APIController->serve()\n#3 {main}\n  thrown in C:\\web\\andrew\\private\\Controllers\\RecipeController.php on line 44, referer: http://andrew.loc/admin?id=2
[Wed May 22 22:13:09.834716 2024] [php:error] [pid 13152:tid 1868] [client ::1:51065] PHP Fatal error:  Uncaught TypeError: json_decode(): Argument #1 ($json) must be of type string, array given in C:\\web\\andrew\\private\\Controllers\\RecipeController.php:44\nStack trace:\n#0 C:\\web\\andrew\\private\\Controllers\\RecipeController.php(44): json_decode(Array)\n#1 C:\\web\\andrew\\private\\Controllers\\APIController.php(31): RecipeController->do_post()\n#2 C:\\web\\andrew\\access_manager.php(58): APIController->serve()\n#3 {main}\n  thrown in C:\\web\\andrew\\private\\Controllers\\RecipeController.php on line 44, referer: http://andrew.loc/admin?id=2
[Wed May 22 22:13:55.461837 2024] [php:error] [pid 13152:tid 1884] [client ::1:51102] PHP Fatal error:  Uncaught TypeError: json_decode(): Argument #1 ($json) must be of type string, array given in C:\\web\\andrew\\private\\Controllers\\RecipeController.php:44\nStack trace:\n#0 C:\\web\\andrew\\private\\Controllers\\RecipeController.php(44): json_decode(Array)\n#1 C:\\web\\andrew\\private\\Controllers\\APIController.php(31): RecipeController->do_post()\n#2 C:\\web\\andrew\\access_manager.php(58): APIController->serve()\n#3 {main}\n  thrown in C:\\web\\andrew\\private\\Controllers\\RecipeController.php on line 44, referer: http://andrew.loc/admin?id=2
[Wed May 22 22:14:39.924051 2024] [php:error] [pid 13152:tid 1880] [client ::1:51130] PHP Fatal error:  Uncaught TypeError: json_decode(): Argument #1 ($json) must be of type string, array given in C:\\web\\andrew\\private\\Controllers\\RecipeController.php:44\nStack trace:\n#0 C:\\web\\andrew\\private\\Controllers\\RecipeController.php(44): json_decode(Array)\n#1 C:\\web\\andrew\\private\\Controllers\\APIController.php(31): RecipeController->do_post()\n#2 C:\\web\\andrew\\access_manager.php(58): APIController->serve()\n#3 {main}\n  thrown in C:\\web\\andrew\\private\\Controllers\\RecipeController.php on line 44, referer: http://andrew.loc/admin?id=2
[Wed May 22 22:15:06.846400 2024] [php:error] [pid 13152:tid 1876] [client ::1:51155] PHP Fatal error:  Uncaught TypeError: json_decode(): Argument #1 ($json) must be of type string, array given in C:\\web\\andrew\\private\\Controllers\\RecipeController.php:44\nStack trace:\n#0 C:\\web\\andrew\\private\\Controllers\\RecipeController.php(44): json_decode(Array)\n#1 C:\\web\\andrew\\private\\Controllers\\APIController.php(31): RecipeController->do_post()\n#2 C:\\web\\andrew\\access_manager.php(58): APIController->serve()\n#3 {main}\n  thrown in C:\\web\\andrew\\private\\Controllers\\RecipeController.php on line 44, referer: http://andrew.loc/admin?id=2
[Wed May 22 22:20:43.970179 2024] [php:warn] [pid 13152:tid 1876] [client ::1:63017] PHP Warning:  Undefined variable $description in C:\\web\\andrew\\private\\Controllers\\RecipeController.php on line 46, referer: http://andrew.loc/admin?id=2
[Wed May 22 22:21:35.291628 2024] [php:warn] [pid 13152:tid 1896] [client ::1:63050] PHP Warning:  Undefined variable $description in C:\\web\\andrew\\private\\Controllers\\RecipeController.php on line 46, referer: http://andrew.loc/admin?id=2
[Wed May 22 22:24:13.763303 2024] [php:warn] [pid 13152:tid 1896] [client ::1:63146] PHP Warning:  Undefined variable $description in C:\\web\\andrew\\private\\Controllers\\RecipeController.php on line 48, referer: http://andrew.loc/admin?id=2
[Wed May 22 22:25:05.272247 2024] [php:warn] [pid 13152:tid 1896] [client ::1:63173] PHP Warning:  Undefined variable $description in C:\\web\\andrew\\private\\Controllers\\RecipeController.php on line 48, referer: http://andrew.loc/admin?id=2
[Wed May 22 22:25:34.281081 2024] [php:warn] [pid 13152:tid 1868] [client ::1:63190] PHP Warning:  Undefined variable $description in C:\\web\\andrew\\private\\Controllers\\RecipeController.php on line 48, referer: http://andrew.loc/admin?id=2
[Thu May 23 00:12:50.113721 2024] [php:error] [pid 13152:tid 1896] [client ::1:64565] PHP Fatal error:  Uncaught Error: Call to undefined function saveImage() in C:\\web\\andrew\\private\\Controllers\\RecipeController.php:32\nStack trace:\n#0 C:\\web\\andrew\\private\\Controllers\\APIController.php(31): RecipeController->do_post()\n#1 C:\\web\\andrew\\access_manager.php(58): APIController->serve()\n#2 {main}\n  thrown in C:\\web\\andrew\\private\\Controllers\\RecipeController.php on line 32, referer: http://andrew.loc/admin?id=2
[Thu May 23 00:15:25.618118 2024] [php:error] [pid 13152:tid 1880] [client ::1:64672] PHP Fatal error:  Uncaught Error: Call to undefined function saveImage() in C:\\web\\andrew\\private\\Controllers\\RecipeController.php:32\nStack trace:\n#0 C:\\web\\andrew\\private\\Controllers\\APIController.php(31): RecipeController->do_post()\n#1 C:\\web\\andrew\\access_manager.php(58): APIController->serve()\n#2 {main}\n  thrown in C:\\web\\andrew\\private\\Controllers\\RecipeController.php on line 32, referer: http://andrew.loc/admin?id=2
[Thu May 23 00:16:07.048645 2024] [php:error] [pid 13152:tid 1860] [client ::1:64706] PHP Fatal error:  Uncaught Error: Call to undefined function saveImage() in C:\\web\\andrew\\private\\Controllers\\RecipeController.php:32\nStack trace:\n#0 C:\\web\\andrew\\private\\Controllers\\APIController.php(31): RecipeController->do_post()\n#1 C:\\web\\andrew\\access_manager.php(58): APIController->serve()\n#2 {main}\n  thrown in C:\\web\\andrew\\private\\Controllers\\RecipeController.php on line 32, referer: http://andrew.loc/admin?id=2
[Thu May 23 00:16:26.792123 2024] [php:error] [pid 13152:tid 1876] [client ::1:64722] PHP Fatal error:  Uncaught Error: Call to undefined function saveImage() in C:\\web\\andrew\\private\\Controllers\\RecipeController.php:32\nStack trace:\n#0 C:\\web\\andrew\\private\\Controllers\\APIController.php(31): RecipeController->do_post()\n#1 C:\\web\\andrew\\access_manager.php(58): APIController->serve()\n#2 {main}\n  thrown in C:\\web\\andrew\\private\\Controllers\\RecipeController.php on line 32, referer: http://andrew.loc/admin?id=2
[Thu May 23 00:18:21.026882 2024] [php:error] [pid 13152:tid 1880] [client ::1:64780] PHP Fatal error:  Uncaught Error: Call to undefined function saveImage() in C:\\web\\andrew\\private\\Controllers\\RecipeController.php:32\nStack trace:\n#0 C:\\web\\andrew\\private\\Controllers\\APIController.php(31): RecipeController->do_post()\n#1 C:\\web\\andrew\\access_manager.php(58): APIController->serve()\n#2 {main}\n  thrown in C:\\web\\andrew\\private\\Controllers\\RecipeController.php on line 32, referer: http://andrew.loc/admin?id=2
[Thu May 23 00:18:42.366090 2024] [php:error] [pid 13152:tid 1876] [client ::1:64794] PHP Fatal error:  Uncaught Error: Call to undefined function saveImage() in C:\\web\\andrew\\private\\Controllers\\RecipeController.php:32\nStack trace:\n#0 C:\\web\\andrew\\private\\Controllers\\APIController.php(31): RecipeController->do_post()\n#1 C:\\web\\andrew\\access_manager.php(58): APIController->serve()\n#2 {main}\n  thrown in C:\\web\\andrew\\private\\Controllers\\RecipeController.php on line 32, referer: http://andrew.loc/admin?id=2
[Thu May 23 00:20:14.056912 2024] [php:error] [pid 13152:tid 1896] [client ::1:64850] PHP Fatal error:  Uncaught Error: Call to undefined function saveImage() in C:\\web\\andrew\\private\\Controllers\\RecipeController.php:32\nStack trace:\n#0 C:\\web\\andrew\\private\\Controllers\\APIController.php(31): RecipeController->do_post()\n#1 C:\\web\\andrew\\access_manager.php(58): APIController->serve()\n#2 {main}\n  thrown in C:\\web\\andrew\\private\\Controllers\\RecipeController.php on line 32, referer: http://andrew.loc/admin?id=2
[Thu May 23 00:20:31.687895 2024] [php:error] [pid 13152:tid 1896] [client ::1:64859] PHP Fatal error:  Uncaught Error: Call to undefined function saveImage() in C:\\web\\andrew\\private\\Controllers\\RecipeController.php:32\nStack trace:\n#0 C:\\web\\andrew\\private\\Controllers\\APIController.php(31): RecipeController->do_post()\n#1 C:\\web\\andrew\\access_manager.php(58): APIController->serve()\n#2 {main}\n  thrown in C:\\web\\andrew\\private\\Controllers\\RecipeController.php on line 32, referer: http://andrew.loc/admin?id=2
[Thu May 23 00:20:40.639782 2024] [php:error] [pid 13152:tid 1896] [client ::1:64863] PHP Fatal error:  Uncaught Error: Call to undefined function saveImage() in C:\\web\\andrew\\private\\Controllers\\RecipeController.php:34\nStack trace:\n#0 C:\\web\\andrew\\private\\Controllers\\APIController.php(31): RecipeController->do_post()\n#1 C:\\web\\andrew\\access_manager.php(58): APIController->serve()\n#2 {main}\n  thrown in C:\\web\\andrew\\private\\Controllers\\RecipeController.php on line 34, referer: http://andrew.loc/admin?id=2
[Thu May 23 00:20:48.478154 2024] [php:error] [pid 13152:tid 1896] [client ::1:64869] PHP Fatal error:  Uncaught Error: Call to undefined function saveImage() in C:\\web\\andrew\\private\\Controllers\\RecipeController.php:33\nStack trace:\n#0 C:\\web\\andrew\\private\\Controllers\\APIController.php(31): RecipeController->do_post()\n#1 C:\\web\\andrew\\access_manager.php(58): APIController->serve()\n#2 {main}\n  thrown in C:\\web\\andrew\\private\\Controllers\\RecipeController.php on line 33, referer: http://andrew.loc/admin?id=2
[Thu May 23 00:21:13.583803 2024] [php:error] [pid 13152:tid 1900] [client ::1:64888] PHP Fatal error:  Uncaught Error: Call to undefined function saveImage() in C:\\web\\andrew\\private\\Controllers\\RecipeController.php:33\nStack trace:\n#0 C:\\web\\andrew\\private\\Controllers\\APIController.php(31): RecipeController->do_post()\n#1 C:\\web\\andrew\\access_manager.php(58): APIController->serve()\n#2 {main}\n  thrown in C:\\web\\andrew\\private\\Controllers\\RecipeController.php on line 33, referer: http://andrew.loc/admin?id=2
[Thu May 23 00:21:27.608722 2024] [php:error] [pid 13152:tid 1900] [client ::1:64895] PHP Fatal error:  Uncaught Error: Call to undefined function saveImage() in C:\\web\\andrew\\private\\Controllers\\RecipeController.php:33\nStack trace:\n#0 C:\\web\\andrew\\private\\Controllers\\APIController.php(31): RecipeController->do_post()\n#1 C:\\web\\andrew\\access_manager.php(58): APIController->serve()\n#2 {main}\n  thrown in C:\\web\\andrew\\private\\Controllers\\RecipeController.php on line 33, referer: http://andrew.loc/admin?id=2
[Thu May 23 00:21:45.682148 2024] [php:error] [pid 13152:tid 1900] [client ::1:64904] PHP Fatal error:  Uncaught Error: Call to undefined function saveImage() in C:\\web\\andrew\\private\\Controllers\\RecipeController.php:33\nStack trace:\n#0 C:\\web\\andrew\\private\\Controllers\\APIController.php(31): RecipeController->do_post()\n#1 C:\\web\\andrew\\access_manager.php(58): APIController->serve()\n#2 {main}\n  thrown in C:\\web\\andrew\\private\\Controllers\\RecipeController.php on line 33, referer: http://andrew.loc/admin?id=2
[Thu May 23 00:21:55.051953 2024] [php:error] [pid 13152:tid 1900] [client ::1:64909] PHP Fatal error:  Uncaught Error: Call to undefined function saveImage() in C:\\web\\andrew\\private\\Controllers\\RecipeController.php:33\nStack trace:\n#0 C:\\web\\andrew\\private\\Controllers\\APIController.php(31): RecipeController->do_post()\n#1 C:\\web\\andrew\\access_manager.php(58): APIController->serve()\n#2 {main}\n  thrown in C:\\web\\andrew\\private\\Controllers\\RecipeController.php on line 33, referer: http://andrew.loc/admin?id=2
[Thu May 23 00:21:56.915912 2024] [php:error] [pid 13152:tid 1900] [client ::1:64909] PHP Fatal error:  Uncaught Error: Call to undefined function saveImage() in C:\\web\\andrew\\private\\Controllers\\RecipeController.php:33\nStack trace:\n#0 C:\\web\\andrew\\private\\Controllers\\APIController.php(31): RecipeController->do_post()\n#1 C:\\web\\andrew\\access_manager.php(58): APIController->serve()\n#2 {main}\n  thrown in C:\\web\\andrew\\private\\Controllers\\RecipeController.php on line 33, referer: http://andrew.loc/admin?id=2
[Thu May 23 00:22:15.263927 2024] [php:warn] [pid 13152:tid 1900] [client ::1:64919] PHP Warning:  Undefined array key "ingredients" in C:\\web\\andrew\\private\\Controllers\\RecipeController.php on line 54, referer: http://andrew.loc/admin?id=2
[Thu May 23 00:22:49.481935 2024] [php:warn] [pid 13152:tid 1900] [client ::1:64942] PHP Warning:  foreach() argument must be of type array|object, null given in C:\\web\\andrew\\public\\recipe.php on line 12
[Thu May 23 00:22:49.481935 2024] [php:warn] [pid 13152:tid 1900] [client ::1:64942] PHP Warning:  foreach() argument must be of type array|object, null given in C:\\web\\andrew\\public\\recipe.php on line 19
[Thu May 23 00:23:47.911041 2024] [php:warn] [pid 13152:tid 1884] [client ::1:64992] PHP Warning:  foreach() argument must be of type array|object, null given in C:\\web\\andrew\\public\\recipe.php on line 12
[Thu May 23 00:23:47.911041 2024] [php:warn] [pid 13152:tid 1884] [client ::1:64992] PHP Warning:  foreach() argument must be of type array|object, null given in C:\\web\\andrew\\public\\recipe.php on line 19
[Thu May 23 00:26:09.083017 2024] [php:warn] [pid 13152:tid 1880] [client ::1:65104] PHP Warning:  Undefined array key "ingredients" in C:\\web\\andrew\\private\\Controllers\\RecipeController.php on line 53, referer: http://andrew.loc/admin?id=2
[Thu May 23 00:26:18.025017 2024] [php:warn] [pid 13152:tid 1880] [client ::1:65109] PHP Warning:  Undefined array key "ingredients" in C:\\web\\andrew\\private\\Controllers\\RecipeController.php on line 52, referer: http://andrew.loc/admin?id=2
[Thu May 23 00:27:38.906770 2024] [php:warn] [pid 13152:tid 1880] [client ::1:65150] PHP Warning:  foreach() argument must be of type array|object, null given in C:\\web\\andrew\\public\\admin.php on line 34
[Thu May 23 00:27:38.907769 2024] [php:warn] [pid 13152:tid 1880] [client ::1:65150] PHP Warning:  foreach() argument must be of type array|object, null given in C:\\web\\andrew\\public\\admin.php on line 71
[Thu May 23 00:28:19.823202 2024] [php:warn] [pid 13152:tid 1884] [client ::1:65186] PHP Warning:  foreach() argument must be of type array|object, null given in C:\\web\\andrew\\public\\admin.php on line 34
[Thu May 23 00:28:19.823202 2024] [php:warn] [pid 13152:tid 1884] [client ::1:65186] PHP Warning:  foreach() argument must be of type array|object, null given in C:\\web\\andrew\\public\\admin.php on line 71
[Thu May 23 00:28:47.857045 2024] [php:warn] [pid 13152:tid 1896] [client ::1:65206] PHP Warning:  foreach() argument must be of type array|object, null given in C:\\web\\andrew\\public\\admin.php on line 34
[Thu May 23 00:28:47.857045 2024] [php:warn] [pid 13152:tid 1896] [client ::1:65206] PHP Warning:  foreach() argument must be of type array|object, null given in C:\\web\\andrew\\public\\admin.php on line 71
[Thu May 23 00:29:00.904216 2024] [php:warn] [pid 13152:tid 1860] [client ::1:65221] PHP Warning:  foreach() argument must be of type array|object, null given in C:\\web\\andrew\\public\\admin.php on line 34
[Thu May 23 00:29:00.904216 2024] [php:warn] [pid 13152:tid 1860] [client ::1:65221] PHP Warning:  foreach() argument must be of type array|object, null given in C:\\web\\andrew\\public\\admin.php on line 74
[Thu May 23 00:29:07.001015 2024] [php:warn] [pid 13152:tid 1876] [client ::1:65230] PHP Warning:  foreach() argument must be of type array|object, null given in C:\\web\\andrew\\public\\admin.php on line 34
[Thu May 23 00:29:21.819850 2024] [php:warn] [pid 13152:tid 1896] [client ::1:65242] PHP Warning:  Undefined array key "ingredients" in C:\\web\\andrew\\private\\Controllers\\RecipeController.php on line 52, referer: http://andrew.loc/admin?id=2
[Thu May 23 00:29:27.963955 2024] [php:warn] [pid 13152:tid 1896] [client ::1:65246] PHP Warning:  foreach() argument must be of type array|object, null given in C:\\web\\andrew\\public\\recipe.php on line 12
[Thu May 23 00:29:27.963955 2024] [php:warn] [pid 13152:tid 1896] [client ::1:65246] PHP Warning:  foreach() argument must be of type array|object, null given in C:\\web\\andrew\\public\\recipe.php on line 19
[Thu May 23 00:29:31.802170 2024] [php:warn] [pid 13152:tid 1884] [client ::1:65250] PHP Warning:  foreach() argument must be of type array|object, null given in C:\\web\\andrew\\public\\recipe.php on line 12
[Thu May 23 00:29:31.802170 2024] [php:warn] [pid 13152:tid 1884] [client ::1:65250] PHP Warning:  foreach() argument must be of type array|object, null given in C:\\web\\andrew\\public\\recipe.php on line 19
[Thu May 23 00:29:33.186307 2024] [php:warn] [pid 13152:tid 1876] [client ::1:65248] PHP Warning:  foreach() argument must be of type array|object, null given in C:\\web\\andrew\\public\\recipe.php on line 12
[Thu May 23 00:29:33.186307 2024] [php:warn] [pid 13152:tid 1876] [client ::1:65248] PHP Warning:  foreach() argument must be of type array|object, null given in C:\\web\\andrew\\public\\recipe.php on line 19
[Thu May 23 00:29:55.713021 2024] [php:warn] [pid 13152:tid 1876] [client ::1:65265] PHP Warning:  foreach() argument must be of type array|object, null given in C:\\web\\andrew\\public\\admin.php on line 34
[Thu May 23 00:30:21.704461 2024] [php:warn] [pid 13152:tid 1884] [client ::1:65284] PHP Warning:  foreach() argument must be of type array|object, null given in C:\\web\\andrew\\public\\recipe.php on line 12
[Thu May 23 00:30:21.704461 2024] [php:warn] [pid 13152:tid 1884] [client ::1:65284] PHP Warning:  foreach() argument must be of type array|object, null given in C:\\web\\andrew\\public\\recipe.php on line 19
[Thu May 23 00:31:44.804866 2024] [php:warn] [pid 13152:tid 1896] [client ::1:65341] PHP Warning:  foreach() argument must be of type array|object, null given in C:\\web\\andrew\\public\\admin.php on line 34
[Thu May 23 00:31:44.804866 2024] [php:warn] [pid 13152:tid 1896] [client ::1:65341] PHP Warning:  foreach() argument must be of type array|object, null given in C:\\web\\andrew\\public\\admin.php on line 71
[Thu May 23 00:31:50.496469 2024] [php:warn] [pid 13152:tid 1884] [client ::1:65351] PHP Warning:  foreach() argument must be of type array|object, null given in C:\\web\\andrew\\public\\admin.php on line 34
[Thu May 23 00:31:50.496469 2024] [php:warn] [pid 13152:tid 1884] [client ::1:65351] PHP Warning:  foreach() argument must be of type array|object, null given in C:\\web\\andrew\\public\\admin.php on line 71
[Thu May 23 00:32:03.324932 2024] [php:warn] [pid 13152:tid 1860] [client ::1:65363] PHP Warning:  foreach() argument must be of type array|object, null given in C:\\web\\andrew\\public\\admin.php on line 34
[Thu May 23 00:33:45.164725 2024] [php:warn] [pid 13152:tid 1876] [client ::1:65416] PHP Warning:  foreach() argument must be of type array|object, null given in C:\\web\\andrew\\public\\admin.php on line 34
[Thu May 23 00:36:45.327061 2024] [php:warn] [pid 13152:tid 1880] [client ::1:49162] PHP Warning:  foreach() argument must be of type array|object, null given in C:\\web\\andrew\\public\\admin.php on line 34
[Thu May 23 00:37:00.853991 2024] [php:warn] [pid 13152:tid 1896] [client ::1:49179] PHP Warning:  foreach() argument must be of type array|object, null given in C:\\web\\andrew\\public\\recipe.php on line 12
[Thu May 23 00:37:00.853991 2024] [php:warn] [pid 13152:tid 1896] [client ::1:49179] PHP Warning:  foreach() argument must be of type array|object, null given in C:\\web\\andrew\\public\\recipe.php on line 19
[Thu May 23 00:37:01.641045 2024] [php:warn] [pid 13152:tid 1900] [client ::1:49186] PHP Warning:  foreach() argument must be of type array|object, null given in C:\\web\\andrew\\public\\recipe.php on line 12
[Thu May 23 00:37:01.641045 2024] [php:warn] [pid 13152:tid 1900] [client ::1:49186] PHP Warning:  foreach() argument must be of type array|object, null given in C:\\web\\andrew\\public\\recipe.php on line 19
[Thu May 23 00:37:01.815085 2024] [php:warn] [pid 13152:tid 1880] [client ::1:49185] PHP Warning:  foreach() argument must be of type array|object, null given in C:\\web\\andrew\\public\\recipe.php on line 12
[Thu May 23 00:37:01.815085 2024] [php:warn] [pid 13152:tid 1880] [client ::1:49185] PHP Warning:  foreach() argument must be of type array|object, null given in C:\\web\\andrew\\public\\recipe.php on line 19
[Thu May 23 00:37:02.006130 2024] [php:warn] [pid 13152:tid 1860] [client ::1:49184] PHP Warning:  foreach() argument must be of type array|object, null given in C:\\web\\andrew\\public\\recipe.php on line 12
[Thu May 23 00:37:02.006130 2024] [php:warn] [pid 13152:tid 1860] [client ::1:49184] PHP Warning:  foreach() argument must be of type array|object, null given in C:\\web\\andrew\\public\\recipe.php on line 19
[Thu May 23 00:37:33.503096 2024] [php:warn] [pid 13152:tid 1896] [client ::1:49207] PHP Warning:  foreach() argument must be of type array|object, null given in C:\\web\\andrew\\public\\admin.php on line 34
[Thu May 23 00:39:52.839656 2024] [php:warn] [pid 13152:tid 1900] [client ::1:49280] PHP Warning:  foreach() argument must be of type array|object, null given in C:\\web\\andrew\\public\\admin.php on line 34
[Thu May 23 00:42:53.836155 2024] [php:warn] [pid 13152:tid 1876] [client ::1:49380] PHP Warning:  foreach() argument must be of type array|object, null given in C:\\web\\andrew\\public\\admin.php on line 34
[Thu May 23 00:45:18.091309 2024] [php:warn] [pid 13152:tid 1884] [client ::1:49466] PHP Warning:  foreach() argument must be of type array|object, null given in C:\\web\\andrew\\public\\admin.php on line 34
[Thu May 23 00:49:49.225843 2024] [php:warn] [pid 13152:tid 1896] [client ::1:49626] PHP Warning:  foreach() argument must be of type array|object, null given in C:\\web\\andrew\\public\\admin.php on line 34
[Thu May 23 00:50:37.358937 2024] [php:warn] [pid 13152:tid 1876] [client ::1:49662] PHP Warning:  foreach() argument must be of type array|object, null given in C:\\web\\andrew\\public\\admin.php on line 34
[Thu May 23 00:51:52.281339 2024] [php:warn] [pid 13152:tid 1896] [client ::1:49710] PHP Warning:  foreach() argument must be of type array|object, null given in C:\\web\\andrew\\public\\admin.php on line 34
[Thu May 23 00:51:52.282347 2024] [php:warn] [pid 13152:tid 1896] [client ::1:49710] PHP Warning:  Undefined variable $index in C:\\web\\andrew\\public\\admin.php on line 91
[Thu May 23 00:52:47.188453 2024] [php:warn] [pid 13152:tid 1884] [client ::1:49743] PHP Warning:  foreach() argument must be of type array|object, null given in C:\\web\\andrew\\public\\admin.php on line 34
[Thu May 23 00:53:38.021266 2024] [php:warn] [pid 13152:tid 1900] [client ::1:49776] PHP Warning:  foreach() argument must be of type array|object, null given in C:\\web\\andrew\\public\\admin.php on line 34
[Thu May 23 00:55:09.681066 2024] [php:warn] [pid 13152:tid 1880] [client ::1:49835] PHP Warning:  foreach() argument must be of type array|object, null given in C:\\web\\andrew\\public\\admin.php on line 34
[Thu May 23 00:56:57.898712 2024] [php:warn] [pid 13152:tid 1876] [client ::1:49895] PHP Warning:  foreach() argument must be of type array|object, null given in C:\\web\\andrew\\public\\admin.php on line 34
[Thu May 23 14:59:03.444044 2024] [php:warn] [pid 18396:tid 1872] [client ::1:54835] PHP Warning:  foreach() argument must be of type array|object, null given in C:\\web\\andrew\\public\\recipe.php on line 12, referer: http://andrew.loc/recipes
[Thu May 23 15:01:55.352358 2024] [php:warn] [pid 18396:tid 1856] [client ::1:54769] PHP Warning:  foreach() argument must be of type array|object, null given in C:\\web\\andrew\\public\\recipe.php on line 19, referer: http://andrew.loc/recipes
[Thu May 23 15:41:40.825907 2024] [php:warn] [pid 18396:tid 1856] [client ::1:54142] PHP Warning:  unlink(public/image/recipes/): Is a directory in C:\\web\\andrew\\private\\Controllers\\RecipeController.php on line 77, referer: http://andrew.loc/admin?id=3
[Thu May 23 15:42:03.833904 2024] [php:warn] [pid 18396:tid 1896] [client ::1:54160] PHP Warning:  unlink(public/image/recipes/): Is a directory in C:\\web\\andrew\\private\\Controllers\\RecipeController.php on line 77, referer: http://andrew.loc/admin?id=3
[Thu Jun 20 22:05:28.657725 2024] [php:warn] [pid 39088:tid 1880] [client ::1:55816] PHP Warning:  Array to string conversion in C:\\web\\andrew\\access_manager.php on line 19
[Fri Jun 21 13:41:52.368672 2024] [php:warn] [pid 48976:tid 1852] [client ::1:51848] PHP Warning:  Array to string conversion in C:\\web\\andrew\\access_manager.php on line 28
